\BOOKMARK [0][-]{chapter*.1}{Statement of Completion}{}% 1
\BOOKMARK [0][-]{chapter.1}{Arabic to Roman Numeral Converter}{}% 2
\BOOKMARK [1][-]{section.1.1}{The source code for Task 1}{chapter.1}% 3
\BOOKMARK [0][-]{chapter.2}{Reverse Polish Notation Evaluator}{}% 4
\BOOKMARK [1][-]{section.2.1}{The source code for Task 2}{chapter.2}% 5
\BOOKMARK [2][-]{subsection.2.1.1}{Stack Class}{section.2.1}% 6
\BOOKMARK [2][-]{subsection.2.1.2}{Question 2 Main Class}{section.2.1}% 7
\BOOKMARK [0][-]{chapter.3}{Prime Numbers}{}% 8
\BOOKMARK [1][-]{section.3.1}{Prime Number Checker using divisibility check}{chapter.3}% 9
\BOOKMARK [2][-]{subsection.3.1.1}{The source code for 3.1}{section.3.1}% 10
\BOOKMARK [1][-]{section.3.2}{Prime Number Checker using The Sieve of Eratosthenes}{chapter.3}% 11
\BOOKMARK [2][-]{subsection.3.2.1}{The source code for 3.2}{section.3.2}% 12
\BOOKMARK [0][-]{chapter.4}{Shell Sort}{}% 13
\BOOKMARK [1][-]{section.4.1}{The source code for Task 4}{chapter.4}% 14
\BOOKMARK [0][-]{chapter.5}{Approximation of a Square Root}{}% 15
\BOOKMARK [1][-]{section.5.1}{The source code for Task 5}{chapter.5}% 16
\BOOKMARK [0][-]{chapter.6}{Matrix Multiplication}{}% 17
\BOOKMARK [1][-]{section.6.1}{The source code for Task 6}{chapter.6}% 18
\BOOKMARK [0][-]{chapter.7}{Maximum Number in an Array}{}% 19
\BOOKMARK [1][-]{section.7.1}{The source code for Task 7}{chapter.7}% 20
\BOOKMARK [0][-]{chapter.8}{}{}% 21
\BOOKMARK [0][-]{chapter.9}{}{}% 22
\BOOKMARK [0][-]{chapter.9}{References}{}% 23
